tests\integration\test_integration_failed_events.py ...                  [ 20%]
  D:\Documents\Mis_proyectos\Proyectos_Actuales\aiutox_erp_core\backend\.venv\Lib\site-packages\_pytest\cacheprovider.py:429: PytestCacheWarning: could not create cache path D:\Documents\Mis_proyectos\Proyectos_Actuales\aiutox_erp_core\backend\.pytest_cache\v\cache\lastfailed: [WinError 5] Access is denied: 'D:\\Documents\\Mis_proyectos\\Proyectos_Actuales\\aiutox_erp_core\\backend\\.pytest_cache\\v\\cache'
    config.cache.set("cache/lastfailed", self.lastfailed)
FAILED tests/integration/test_activities_api.py::test_create_activity - asser...
FAILED tests/integration/test_activities_api.py::test_list_activities - asser...
FAILED tests/integration/test_activities_api.py::test_list_activities_by_entity
FAILED tests/integration/test_activities_api.py::test_get_activity - TypeErro...
FAILED tests/integration/test_activities_api.py::test_update_activity - TypeE...
FAILED tests/integration/test_activities_api.py::test_delete_activity - TypeE...
FAILED tests/integration/test_approvals_api.py::test_create_approval_request
FAILED tests/integration/test_approvals_integration.py::test_approval_flow_complete_workflow
FAILED tests/integration/test_approvals_integration.py::test_approval_delegation
FAILED tests/integration/test_approvals_integration.py::test_approval_publishes_events
FAILED tests/integration/test_auth_endpoints.py::test_login_success - Asserti...
FAILED tests/integration/test_auth_endpoints.py::test_refresh_token_success
FAILED tests/integration/test_auth_endpoints.py::test_refresh_token_invalid
FAILED tests/integration/test_auth_endpoints.py::test_logout_success - Assert...
FAILED tests/integration/test_auth_endpoints.py::test_get_me_success - Assert...
FAILED tests/integration/test_auth_endpoints.py::test_refresh_token_revoked_after_creation
FAILED tests/integration/test_auth_endpoints.py::test_refresh_token_user_inactive_after_refresh
FAILED tests/integration/test_auth_endpoints.py::test_logout_invalid_refresh_token
FAILED tests/integration/test_auth_endpoints.py::test_logout_already_revoked_token
FAILED tests/integration/test_auth_endpoints.py::test_login_response_format
FAILED tests/integration/test_auth_endpoints.py::test_get_me_response_format
FAILED tests/integration/test_auth_endpoints.py::test_multi_tenant_valid_access
FAILED tests/integration/test_auth_login.py::test_login_success_after_rate_limit_reset
FAILED tests/integration/test_auth_me.py::test_get_me_authenticated - Asserti...
FAILED tests/integration/test_auth_me.py::test_get_me_includes_roles_and_permissions
FAILED tests/integration/test_automation_api.py::test_create_rule - assert 40...
FAILED tests/integration/test_automation_api.py::test_list_rules - assert 403...
FAILED tests/integration/test_automation_api.py::test_get_rule - assert 403 =...
FAILED tests/integration/test_automation_api.py::test_update_rule - assert 40...
FAILED tests/integration/test_automation_api.py::test_delete_rule - assert 40...
FAILED tests/integration/test_calendar_api.py::test_list_calendars - pydantic...
FAILED tests/integration/test_calendar_api.py::test_create_event - pydantic_c...
FAILED tests/integration/test_calendar_integration.py::test_calendar_event_publishes_event
FAILED tests/integration/test_calendar_integration.py::test_calendar_event_with_reminders
FAILED tests/integration/test_calendar_integration.py::test_calendar_event_attendee_response
FAILED tests/integration/test_calendar_integration.py::test_calendar_multi_tenant_isolation
FAILED tests/integration/test_comments_api.py::test_create_comment - pydantic...
FAILED tests/integration/test_comments_api.py::test_list_comments - pydantic_...
FAILED tests/integration/test_comments_api.py::test_update_comment - pydantic...
FAILED tests/integration/test_comments_integration.py::test_comment_creates_activity
FAILED tests/integration/test_comments_integration.py::test_comment_with_mentions_sends_notifications
FAILED tests/integration/test_comments_integration.py::test_comment_thread - ...
FAILED tests/integration/test_comments_integration.py::test_comment_publishes_events
FAILED tests/integration/test_error_handling.py::test_event_invalid_time_range
FAILED tests/integration/test_error_handling.py::test_comment_not_found - Typ...
FAILED tests/integration/test_error_handling.py::test_approval_flow_not_found
FAILED tests/integration/test_error_handling.py::test_template_render_missing_variables
FAILED tests/integration/test_files_api.py::test_upload_file - assert 403 == 201
FAILED tests/integration/test_files_api.py::test_list_files - assert 403 == 200
FAILED tests/integration/test_files_api.py::test_get_file_info - TypeError: '...
FAILED tests/integration/test_files_api.py::test_delete_file - TypeError: 'No...
FAILED tests/integration/test_files_api.py::test_get_file_preview_image - ass...
FAILED tests/integration/test_files_api.py::test_get_file_preview_non_image
FAILED tests/integration/test_import_export_api.py::test_list_import_jobs - p...
FAILED tests/integration/test_integrations_api.py::test_create_integration - ...
FAILED tests/integration/test_integrations_api.py::test_list_integrations - a...
FAILED tests/integration/test_integrations_api.py::test_get_integration - Typ...
FAILED tests/integration/test_integrations_api.py::test_update_integration - ...
FAILED tests/integration/test_integrations_api.py::test_delete_integration - ...
FAILED tests/integration/test_integrations_api.py::test_get_integration_logs
FAILED tests/integration/test_integrations_api.py::test_create_webhook - asse...
FAILED tests/integration/test_integrations_api.py::test_list_webhooks - asser...
FAILED tests/integration/test_integrations_api.py::test_get_webhook - TypeErr...
FAILED tests/integration/test_integrations_api.py::test_update_webhook - Type...
FAILED tests/integration/test_integrations_api.py::test_delete_webhook - Type...
FAILED tests/integration/test_notifications_api.py::test_create_notification_template
FAILED tests/integration/test_notifications_api.py::test_list_notification_templates
FAILED tests/integration/test_notifications_api.py::test_get_notification_template
FAILED tests/integration/test_notifications_api.py::test_update_notification_template
FAILED tests/integration/test_notifications_api.py::test_delete_notification_template
FAILED tests/integration/test_notifications_api.py::test_list_notification_queue
FAILED tests/integration/test_notifications_api.py::test_stream_notifications_sse
FAILED tests/integration/test_preferences_api.py::test_get_preferences - asse...
FAILED tests/integration/test_preferences_api.py::test_update_preferences - a...
FAILED tests/integration/test_preferences_api.py::test_get_notification_preferences
FAILED tests/integration/test_preferences_api.py::test_update_notification_preferences
FAILED tests/integration/test_preferences_api.py::test_save_view - assert 403...
FAILED tests/integration/test_preferences_api.py::test_get_saved_views - asse...
FAILED tests/integration/test_preferences_api.py::test_create_dashboard - ass...
FAILED tests/integration/test_products_events.py::test_create_product_publishes_event
FAILED tests/integration/test_products_events.py::test_delete_product_publishes_event
FAILED tests/integration/test_rbac.py::test_require_permission_allows_access_with_permission
FAILED tests/integration/test_rbac.py::test_require_permission_denies_access_without_permission
FAILED tests/integration/test_rbac.py::test_require_roles_allows_access_with_role
FAILED tests/integration/test_rbac.py::test_require_roles_denies_access_without_role
FAILED tests/integration/test_rbac.py::test_require_any_permission_allows_access_with_any_permission
FAILED tests/integration/test_rbac.py::test_require_any_permission_denies_access_without_any_permission
FAILED tests/integration/test_reporting_api.py::test_create_report - assert 4...
FAILED tests/integration/test_reporting_api.py::test_list_reports - assert 40...
FAILED tests/integration/test_reporting_api.py::test_get_report - assert 403 ...
FAILED tests/integration/test_reporting_api.py::test_list_data_sources - asse...
FAILED tests/integration/test_reporting_api.py::test_get_data_source_columns
FAILED tests/integration/test_reporting_api.py::test_get_data_source_filters
FAILED tests/integration/test_role_management.py::TestRoleManagement::test_assign_role_duplicate
FAILED tests/integration/test_role_management.py::TestRoleManagement::test_remove_role_with_permission
FAILED tests/integration/test_role_management.py::TestRoleManagement::test_remove_role_not_assigned
FAILED tests/integration/test_role_management.py::TestRoleManagement::test_role_management_multi_tenant_isolation
FAILED tests/integration/test_search_api.py::test_search - assert 403 == 200
FAILED tests/integration/test_search_api.py::test_get_suggestions - assert 40...
FAILED tests/integration/test_search_api.py::test_index_entity - assert 403 =...
FAILED tests/integration/test_search_api.py::test_remove_index - assert 403 =...
FAILED tests/integration/test_standard_responses.py::TestStandardResponseFormat::test_list_roles_returns_standard_list_response
FAILED tests/integration/test_tags_api.py::test_create_tag - assert 403 == 201
FAILED tests/integration/test_tags_api.py::test_list_tags - assert 403 == 200
FAILED tests/integration/test_tags_api.py::test_get_tag - TypeError: 'NoneTyp...
FAILED tests/integration/test_tags_api.py::test_update_tag - TypeError: 'None...
FAILED tests/integration/test_tags_api.py::test_delete_tag - TypeError: 'None...
FAILED tests/integration/test_tags_api.py::test_attach_tag_to_entity - TypeEr...
FAILED tests/integration/test_tags_api.py::test_detach_tag_from_entity - Type...
FAILED tests/integration/test_tags_api.py::test_get_entity_tags - TypeError: ...
FAILED tests/integration/test_tasks_api.py::test_create_task - assert 403 == 201
FAILED tests/integration/test_tasks_api.py::test_list_tasks - assert 403 == 200
FAILED tests/integration/test_tasks_api.py::test_get_task - TypeError: 'NoneT...
FAILED tests/integration/test_tasks_api.py::test_update_task - TypeError: 'No...
FAILED tests/integration/test_tasks_api.py::test_delete_task - TypeError: 'No...
FAILED tests/integration/test_tasks_api.py::test_add_checklist_item - TypeErr...
FAILED tests/integration/test_tasks_api.py::test_list_checklist_items - TypeE...
FAILED tests/integration/test_templates_api.py::test_create_template - pydant...
FAILED tests/integration/test_templates_api.py::test_render_template - pydant...
FAILED tests/integration/test_templates_integration.py::test_template_versioning
FAILED tests/integration/test_templates_integration.py::test_template_render_with_variables
FAILED tests/integration/test_templates_integration.py::test_template_publishes_events
FAILED tests/integration/test_views_integration.py::test_saved_filter_sharing
FAILED tests/integration/test_workflows_api.py::test_create_workflow - assert...
FAILED tests/integration/test_workflows_api.py::test_list_workflows - assert ...
FAILED tests/integration/test_workflows_api.py::test_get_workflow - TypeError...
FAILED tests/integration/test_workflows_api.py::test_update_workflow - TypeEr...
FAILED tests/integration/test_workflows_api.py::test_delete_workflow - TypeEr...
FAILED tests/integration/test_workflows_api.py::test_create_workflow_step - T...
FAILED tests/integration/test_workflows_api.py::test_list_workflow_steps - Ty...
FAILED tests/unit/test_activities_service.py::test_create_activity - Assertio...
FAILED tests/unit/test_activities_service.py::test_update_activity - Assertio...
FAILED tests/unit/test_activities_service.py::test_delete_activity - TypeErro...
FAILED tests/unit/test_approvals_service.py::test_create_approval_request - A...
FAILED tests/unit/test_calendar_service.py::test_create_calendar - AssertionE...
FAILED tests/unit/test_calendar_service.py::test_create_event - AssertionErro...
FAILED tests/unit/test_comments_service.py::test_create_comment - AssertionEr...
FAILED tests/unit/test_files_service.py::test_download_file - AssertionError:...
FAILED tests/unit/test_import_export_service.py::test_create_import_job - Ass...
FAILED tests/unit/test_notifications_service.py::test_send_notification - Att...
FAILED tests/unit/test_notifications_service.py::test_send_notification_publishes_failed_event
FAILED tests/unit/test_tags_service.py::test_get_tag - AttributeError: 'TagSe...
FAILED tests/unit/test_tags_service.py::test_update_tag - sqlalchemy.exc.Prog...
FAILED tests/unit/test_tags_service.py::test_delete_tag - AttributeError: 'Ta...
FAILED tests/unit/test_tags_service.py::test_get_entity_tags - AttributeError...
FAILED tests/unit/test_tasks_service.py::test_create_task - AssertionError: a...
FAILED tests/unit/test_tasks_service.py::test_update_task - assert 0 > 0
FAILED tests/unit/test_tasks_service.py::test_delete_task - assert 0 > 0
FAILED tests/unit/test_templates_service.py::test_create_template - Assertion...
==== 149 failed, 611 passed, 3 skipped, 18 warnings in 1077.00s (0:17:57) =====
